<?xml version="1.0" encoding="UTF-8"?>
<!-- Generated by org.testng.reporters.JUnitXMLReporter -->
<testsuite hostname="ChubenkoV" name="Test1" tests="3" failures="0" timestamp="30 Aug 2016 14:58:12 GMT" time="12.556" errors="0">
  <testcase name="testFailedLogin" time="3.582" classname="ua.bms.test.LoginTest"/>
  <testcase name="testFailedPassword" time="3.762" classname="ua.bms.test.LoginTest"/>
  <testcase name="testLogin" time="5.182" classname="ua.bms.test.LoginTest"/>
</testsuite> <!-- Test1 -->
