<?xml version="1.0" encoding="UTF-8"?>
<!-- Generated by org.testng.reporters.JUnitXMLReporter -->
<testsuite hostname="ChubenkoV" name="Test1" tests="3" failures="0" timestamp="4 Aug 2016 11:55:40 GMT" time="14.327" errors="0">
  <testcase name="testFailedLogin" time="4.349" classname="ua.bms.test.LoginTest"/>
  <testcase name="testFailedPassword" time="3.346" classname="ua.bms.test.LoginTest"/>
  <testcase name="testLogin" time="6.596" classname="ua.bms.test.LoginTest"/>
</testsuite> <!-- Test1 -->
