<?xml version="1.0" encoding="UTF-8"?>
<!-- Generated by org.testng.reporters.JUnitXMLReporter -->
<testsuite hostname="ChubenkoV" name="Test2" tests="5" failures="0" timestamp="30 Aug 2016 14:58:48 GMT" time="36.325" errors="0">
  <testcase name="testJumpToUnit9Page" time="6.672" classname="ua.bms.test.Unit9MilitaryTest"/>
  <testcase name="testCreateMilitaryCard" time="17.585" classname="ua.bms.test.Unit9MilitaryTest"/>
  <testcase name="testEditMilitaryCard" time="5.658" classname="ua.bms.test.Unit9MilitaryTest"/>
  <testcase name="testRemoveMilitaryCard" time="4.132" classname="ua.bms.test.Unit9MilitaryTest"/>
  <testcase name="testRecoverMilitaryCard" time="2.266" classname="ua.bms.test.Unit9MilitaryTest"/>
</testsuite> <!-- Test2 -->
