<?xml version="1.0" encoding="UTF-8"?>
<!-- Generated by org.testng.reporters.JUnitXMLReporter -->
<testsuite hostname="ChubenkoV" name="Test2" tests="3" failures="0" timestamp="28 Jul 2016 15:03:51 GMT" time="36.532" errors="0">
  <testcase name="testJumpToUnit9Page" time="7.918" classname="ua.bms.test.Unit9MilitaryTest"/>
  <testcase name="testCreateMilitaryCard" time="22.044" classname="ua.bms.test.Unit9MilitaryTest"/>
  <testcase name="testEditMilitaryCard" time="6.564" classname="ua.bms.test.Unit9MilitaryTest"/>
</testsuite> <!-- Test2 -->
