<?xml version="1.0" encoding="UTF-8"?>
<!-- Generated by org.testng.reporters.JUnitXMLReporter -->
<testsuite hostname="ChubenkoV" name="GRP-unit9,unit7" tests="5" failures="1" timestamp="29 Jul 2016 08:24:48 GMT" time="51.517" errors="0">
  <testcase name="testJumpToUnit9Page" time="9.856" classname="ua.bms.test.Unit9MilitaryTest"/>
  <testcase name="testCreateMilitaryCard" time="24.299" classname="ua.bms.test.Unit9MilitaryTest"/>
  <testcase name="testEditMilitaryCard" time="6.869" classname="ua.bms.test.Unit9MilitaryTest"/>
  <testcase name="testJumpToUnit7Page" time="1.352" classname="ua.bms.test.Unit7MassMediaTest"/>
  <testcase name="testCreateMassMediaCard" time="9.094" classname="ua.bms.test.Unit7MassMediaTest">
    <failure type="org.openqa.selenium.WebDriverException" message="Element must be user-editable in order to clear it.
Command duration or timeout: 5.11 seconds
Build info: version: &amp;apos;2.53.0&amp;apos;, revision: &amp;apos;35ae25b1534ae328c771e0856c93e187490ca824&amp;apos;, time: &amp;apos;2016-03-15 10:43:46&amp;apos;
System info: host: &amp;apos;ChubenkoV&amp;apos;, ip: &amp;apos;10.101.11.108&amp;apos;, os.name: &amp;apos;Windows 8.1&amp;apos;, os.arch: &amp;apos;x86&amp;apos;, os.version: &amp;apos;6.3&amp;apos;, java.version: &amp;apos;1.8.0_92&amp;apos;
Driver info: org.openqa.selenium.firefox.FirefoxDriver
Capabilities [{applicationCacheEnabled=true, rotatable=false, handlesAlerts=true, databaseEnabled=true, version=45.2.0, platform=WINDOWS, nativeEvents=false, acceptSslCerts=true, webStorageEnabled=true, locationContextEnabled=true, browserName=firefox, takesScreenshot=true, javascriptEnabled=true, cssSelectorsEnabled=true}]
Session ID: 9a752184-e885-4723-86cd-9cb688120eb6">
      <![CDATA[org.openqa.selenium.WebDriverException: Element must be user-editable in order to clear it.
Command duration or timeout: 5.11 seconds
Build info: version: '2.53.0', revision: '35ae25b1534ae328c771e0856c93e187490ca824', time: '2016-03-15 10:43:46'
System info: host: 'ChubenkoV', ip: '10.101.11.108', os.name: 'Windows 8.1', os.arch: 'x86', os.version: '6.3', java.version: '1.8.0_92'
Driver info: org.openqa.selenium.firefox.FirefoxDriver
Capabilities [{applicationCacheEnabled=true, rotatable=false, handlesAlerts=true, databaseEnabled=true, version=45.2.0, platform=WINDOWS, nativeEvents=false, acceptSslCerts=true, webStorageEnabled=true, locationContextEnabled=true, browserName=firefox, takesScreenshot=true, javascriptEnabled=true, cssSelectorsEnabled=true}]
Session ID: 9a752184-e885-4723-86cd-9cb688120eb6
	at sun.reflect.NativeConstructorAccessorImpl.newInstance0(Native Method)
	at sun.reflect.NativeConstructorAccessorImpl.newInstance(NativeConstructorAccessorImpl.java:62)
	at sun.reflect.DelegatingConstructorAccessorImpl.newInstance(DelegatingConstructorAccessorImpl.java:45)
	at java.lang.reflect.Constructor.newInstance(Constructor.java:423)
	at org.openqa.selenium.remote.ErrorHandler.createThrowable(ErrorHandler.java:206)
	at org.openqa.selenium.remote.ErrorHandler.throwIfResponseFailed(ErrorHandler.java:158)
	at org.openqa.selenium.remote.RemoteWebDriver.execute(RemoteWebDriver.java:678)
	at org.openqa.selenium.remote.RemoteWebElement.execute(RemoteWebElement.java:327)
	at org.openqa.selenium.remote.RemoteWebElement.clear(RemoteWebElement.java:140)
	at sun.reflect.GeneratedMethodAccessor2.invoke(Unknown Source)
	at sun.reflect.DelegatingMethodAccessorImpl.invoke(DelegatingMethodAccessorImpl.java:43)
	at java.lang.reflect.Method.invoke(Method.java:498)
	at org.openqa.selenium.support.pagefactory.internal.LocatingElementHandler.invoke(LocatingElementHandler.java:51)
	at com.sun.proxy.$Proxy5.clear(Unknown Source)
	at ua.bms.pages.Page.type(Page.java:61)
	at ua.bms.pages.Unit7MassMediaPage.createCardU7(Unit7MassMediaPage.java:69)
	at ua.bms.test.Unit7MassMediaTest.testCreateMassMediaCard(Unit7MassMediaTest.java:34)
	at sun.reflect.NativeMethodAccessorImpl.invoke0(Native Method)
	at sun.reflect.NativeMethodAccessorImpl.invoke(NativeMethodAccessorImpl.java:62)
	at sun.reflect.DelegatingMethodAccessorImpl.invoke(DelegatingMethodAccessorImpl.java:43)
	at java.lang.reflect.Method.invoke(Method.java:498)
	at org.testng.internal.MethodInvocationHelper.invokeMethod(MethodInvocationHelper.java:86)
	at org.testng.internal.Invoker.invokeMethod(Invoker.java:646)
	at org.testng.internal.Invoker.invokeTestMethod(Invoker.java:823)
	at org.testng.internal.Invoker.invokeTestMethods(Invoker.java:1131)
	at org.testng.internal.TestMethodWorker.invokeTestMethods(TestMethodWorker.java:129)
	at org.testng.internal.TestMethodWorker.run(TestMethodWorker.java:112)
	at org.testng.TestRunner.privateRun(TestRunner.java:778)
	at org.testng.TestRunner.run(TestRunner.java:632)
	at org.testng.SuiteRunner.runTest(SuiteRunner.java:366)
	at org.testng.SuiteRunner.runSequentially(SuiteRunner.java:361)
	at org.testng.SuiteRunner.privateRun(SuiteRunner.java:319)
	at org.testng.SuiteRunner.run(SuiteRunner.java:268)
	at org.testng.SuiteRunnerWorker.runSuite(SuiteRunnerWorker.java:52)
	at org.testng.SuiteRunnerWorker.run(SuiteRunnerWorker.java:86)
	at org.testng.TestNG.runSuitesSequentially(TestNG.java:1225)
	at org.testng.TestNG.runSuitesLocally(TestNG.java:1150)
	at org.testng.TestNG.runSuites(TestNG.java:1075)
	at org.testng.TestNG.run(TestNG.java:1047)
	at org.testng.remote.AbstractRemoteTestNG.run(AbstractRemoteTestNG.java:126)
	at org.testng.remote.RemoteTestNG.initAndRun(RemoteTestNG.java:137)
	at org.testng.remote.RemoteTestNG.main(RemoteTestNG.java:58)
Caused by: org.openqa.selenium.WebDriverException: Element must be user-editable in order to clear it.
Build info: version: '2.53.0', revision: '35ae25b1534ae328c771e0856c93e187490ca824', time: '2016-03-15 10:43:46'
System info: host: 'ChubenkoV', ip: '10.101.11.108', os.name: 'Windows 8.1', os.arch: 'x86', os.version: '6.3', java.version: '1.8.0_92'
Driver info: driver.version: unknown
	at <anonymous class>.bot.Error(file:///C:/Users/CHUBEN~1/AppData/Local/Temp/anonymous8077961179640967754webdriver-profile/extensions/fxdriver@googlecode.com/components/command-processor.js:681)
	at <anonymous class>.bot.action.clear(file:///C:/Users/CHUBEN~1/AppData/Local/Temp/anonymous8077961179640967754webdriver-profile/extensions/fxdriver@googlecode.com/components/command-processor.js:11685)
	at <anonymous class>.WebElement.clearElement(file:///C:/Users/CHUBEN~1/AppData/Local/Temp/anonymous8077961179640967754webdriver-profile/extensions/fxdriver@googlecode.com/components/command-processor.js:12136)
	at <anonymous class>.DelayedCommand.prototype.executeInternal_/h(file:///C:/Users/CHUBEN~1/AppData/Local/Temp/anonymous8077961179640967754webdriver-profile/extensions/fxdriver@googlecode.com/components/command-processor.js:12661)
	at <anonymous class>.fxdriver.Timer.prototype.setTimeout/<.notify(file:///C:/Users/CHUBEN~1/AppData/Local/Temp/anonymous8077961179640967754webdriver-profile/extensions/fxdriver@googlecode.com/components/command-processor.js:625)
]]>
    </failure>
  </testcase> <!-- testCreateMassMediaCard -->
</testsuite> <!-- GRP-unit9,unit7 -->
