<?xml version="1.0" encoding="UTF-8"?>
<testng-results skipped="0" failed="0" total="1" passed="1">
  <reporter-output>
  </reporter-output>
  <suite name="Default suite" duration-ms="30765" started-at="2016-07-05T14:53:11Z" finished-at="2016-07-05T14:53:42Z">
    <groups>
    </groups>
    <test name="Default test" duration-ms="30765" started-at="2016-07-05T14:53:11Z" finished-at="2016-07-05T14:53:42Z">
      <class name="ua.bms.test.AdministrativeViolationTest">
        <test-method status="PASS" signature="testLoginForm()[pri:0, instance:ua.bms.test.AdministrativeViolationTest@16b88f5]" name="testLoginForm" duration-ms="29086" started-at="2016-07-05T17:53:11Z" finished-at="2016-07-05T17:53:41Z">
          <reporter-output>
          </reporter-output>
        </test-method> <!-- testLoginForm -->
        <test-method status="PASS" signature="tearDown()[pri:0, instance:ua.bms.test.AdministrativeViolationTest@16b88f5]" name="tearDown" is-config="true" duration-ms="1652" started-at="2016-07-05T17:53:41Z" finished-at="2016-07-05T17:53:42Z">
          <reporter-output>
          </reporter-output>
        </test-method> <!-- tearDown -->
      </class> <!-- ua.bms.test.AdministrativeViolationTest -->
    </test> <!-- Default test -->
  </suite> <!-- Default suite -->
</testng-results>
