<?xml version="1.0" encoding="UTF-8"?>
<testng-results skipped="0" failed="0" total="13" passed="13">
  <reporter-output>
  </reporter-output>
  <suite name="Tests" duration-ms="78899" started-at="2016-09-07T14:57:37Z" finished-at="2016-09-07T14:58:56Z">
    <groups>
      <group name="unit9">
        <method signature="Unit9MilitaryTest.testJumpToUnit9Page()[pri:0, instance:ua.bms.test.Unit9MilitaryTest@1832929]" name="testJumpToUnit9Page" class="ua.bms.test.Unit9MilitaryTest"/>
        <method signature="Unit9MilitaryTest.testCreateMilitaryCard()[pri:0, instance:ua.bms.test.Unit9MilitaryTest@1832929]" name="testCreateMilitaryCard" class="ua.bms.test.Unit9MilitaryTest"/>
        <method signature="Unit9MilitaryTest.testEditMilitaryCard()[pri:0, instance:ua.bms.test.Unit9MilitaryTest@1832929]" name="testEditMilitaryCard" class="ua.bms.test.Unit9MilitaryTest"/>
        <method signature="Unit9MilitaryTest.testRemoveMilitaryCard()[pri:0, instance:ua.bms.test.Unit9MilitaryTest@1832929]" name="testRemoveMilitaryCard" class="ua.bms.test.Unit9MilitaryTest"/>
        <method signature="Unit9MilitaryTest.testRestoreMilitaryCard()[pri:0, instance:ua.bms.test.Unit9MilitaryTest@1832929]" name="testRestoreMilitaryCard" class="ua.bms.test.Unit9MilitaryTest"/>
      </group> <!-- unit9 -->
      <group name="unit7">
        <method signature="Unit7MassMediaTest.testJumpToUnit7Page()[pri:0, instance:ua.bms.test.Unit7MassMediaTest@17fd0e6]" name="testJumpToUnit7Page" class="ua.bms.test.Unit7MassMediaTest"/>
        <method signature="Unit7MassMediaTest.testCreateMassMediaCard()[pri:0, instance:ua.bms.test.Unit7MassMediaTest@17fd0e6]" name="testCreateMassMediaCard" class="ua.bms.test.Unit7MassMediaTest"/>
        <method signature="Unit7MassMediaTest.testEditMassMediaCard()[pri:0, instance:ua.bms.test.Unit7MassMediaTest@17fd0e6]" name="testEditMassMediaCard" class="ua.bms.test.Unit7MassMediaTest"/>
        <method signature="Unit7MassMediaTest.testRemoveMassMediaCard()[pri:0, instance:ua.bms.test.Unit7MassMediaTest@17fd0e6]" name="testRemoveMassMediaCard" class="ua.bms.test.Unit7MassMediaTest"/>
        <method signature="Unit7MassMediaTest.testRestoreMassMediaCard()[pri:0, instance:ua.bms.test.Unit7MassMediaTest@17fd0e6]" name="testRestoreMassMediaCard" class="ua.bms.test.Unit7MassMediaTest"/>
      </group> <!-- unit7 -->
      <group name="login">
        <method signature="LoginTest.testLoginFailedLogin()[pri:1, instance:ua.bms.test.LoginTest@1604f19]" name="testLoginFailedLogin" class="ua.bms.test.LoginTest"/>
        <method signature="LoginTest.testLoginFailedPassword()[pri:2, instance:ua.bms.test.LoginTest@1604f19]" name="testLoginFailedPassword" class="ua.bms.test.LoginTest"/>
        <method signature="LoginTest.testLoginOK()[pri:3, instance:ua.bms.test.LoginTest@1604f19]" name="testLoginOK" class="ua.bms.test.LoginTest"/>
      </group> <!-- login -->
    </groups>
    <test name="Test1" duration-ms="34656" started-at="2016-09-07T14:57:37Z" finished-at="2016-09-07T14:58:12Z">
      <class name="ua.bms.test.LoginTest">
        <test-method status="PASS" signature="init()[pri:0, instance:ua.bms.test.LoginTest@1604f19]" name="init" is-config="true" duration-ms="6862" started-at="2016-09-07T17:57:37Z" finished-at="2016-09-07T17:57:44Z">
          <reporter-output>
          </reporter-output>
        </test-method> <!-- init -->
        <test-method status="PASS" signature="mayBeLogIn()[pri:0, instance:ua.bms.test.LoginTest@1604f19]" name="mayBeLogIn" is-config="true" duration-ms="12588" started-at="2016-09-07T17:57:44Z" finished-at="2016-09-07T17:57:57Z">
          <reporter-output>
          </reporter-output>
        </test-method> <!-- mayBeLogIn -->
        <test-method status="PASS" signature="mayBeLogout()[pri:0, instance:ua.bms.test.LoginTest@1604f19]" name="mayBeLogout" is-config="true" duration-ms="5909" started-at="2016-09-07T17:57:57Z" finished-at="2016-09-07T17:58:03Z">
          <reporter-output>
          </reporter-output>
        </test-method> <!-- mayBeLogout -->
        <test-method status="PASS" signature="testLoginFailedLogin()[pri:1, instance:ua.bms.test.LoginTest@1604f19]" name="testLoginFailedLogin" duration-ms="1164" started-at="2016-09-07T17:58:03Z" finished-at="2016-09-07T17:58:04Z">
          <reporter-output>
          </reporter-output>
        </test-method> <!-- testLoginFailedLogin -->
        <test-method status="PASS" signature="mayBeLogout()[pri:0, instance:ua.bms.test.LoginTest@1604f19]" name="mayBeLogout" is-config="true" duration-ms="16" started-at="2016-09-07T17:58:04Z" finished-at="2016-09-07T17:58:04Z">
          <reporter-output>
          </reporter-output>
        </test-method> <!-- mayBeLogout -->
        <test-method status="PASS" signature="testLoginFailedPassword()[pri:2, instance:ua.bms.test.LoginTest@1604f19]" name="testLoginFailedPassword" duration-ms="1210" started-at="2016-09-07T17:58:04Z" finished-at="2016-09-07T17:58:05Z">
          <reporter-output>
          </reporter-output>
        </test-method> <!-- testLoginFailedPassword -->
        <test-method status="PASS" signature="mayBeLogout()[pri:0, instance:ua.bms.test.LoginTest@1604f19]" name="mayBeLogout" is-config="true" duration-ms="11" started-at="2016-09-07T17:58:05Z" finished-at="2016-09-07T17:58:05Z">
          <reporter-output>
          </reporter-output>
        </test-method> <!-- mayBeLogout -->
        <test-method status="PASS" signature="testLoginOK()[pri:3, instance:ua.bms.test.LoginTest@1604f19]" name="testLoginOK" duration-ms="6852" started-at="2016-09-07T17:58:05Z" finished-at="2016-09-07T17:58:12Z">
          <reporter-output>
          </reporter-output>
        </test-method> <!-- testLoginOK -->
      </class> <!-- ua.bms.test.LoginTest -->
    </test> <!-- Test1 -->
    <test name="Test2" duration-ms="28597" started-at="2016-09-07T14:58:12Z" finished-at="2016-09-07T14:58:40Z">
      <class name="ua.bms.test.Unit9MilitaryTest">
        <test-method status="PASS" signature="init()[pri:0, instance:ua.bms.test.Unit9MilitaryTest@1832929]" name="init" is-config="true" duration-ms="1456" started-at="2016-09-07T17:58:12Z" finished-at="2016-09-07T17:58:13Z">
          <reporter-output>
          </reporter-output>
        </test-method> <!-- init -->
        <test-method status="PASS" signature="mayBeLogIn()[pri:0, instance:ua.bms.test.Unit9MilitaryTest@1832929]" name="mayBeLogIn" is-config="true" duration-ms="697" started-at="2016-09-07T17:58:13Z" finished-at="2016-09-07T17:58:14Z">
          <reporter-output>
          </reporter-output>
        </test-method> <!-- mayBeLogIn -->
        <test-method status="PASS" signature="testJumpToUnit9Page()[pri:0, instance:ua.bms.test.Unit9MilitaryTest@1832929]" name="testJumpToUnit9Page" duration-ms="2311" started-at="2016-09-07T17:58:14Z" finished-at="2016-09-07T17:58:16Z">
          <reporter-output>
          </reporter-output>
        </test-method> <!-- testJumpToUnit9Page -->
        <test-method status="PASS" signature="testCreateMilitaryCard()[pri:0, instance:ua.bms.test.Unit9MilitaryTest@1832929]" name="testCreateMilitaryCard" duration-ms="14691" started-at="2016-09-07T17:58:16Z" depends-on-methods="ua.bms.test.Unit9MilitaryTest.testJumpToUnit9Page" finished-at="2016-09-07T17:58:31Z">
          <reporter-output>
          </reporter-output>
        </test-method> <!-- testCreateMilitaryCard -->
        <test-method status="PASS" signature="testEditMilitaryCard()[pri:0, instance:ua.bms.test.Unit9MilitaryTest@1832929]" name="testEditMilitaryCard" duration-ms="5230" started-at="2016-09-07T17:58:31Z" depends-on-methods="ua.bms.test.Unit9MilitaryTest.testCreateMilitaryCard" finished-at="2016-09-07T17:58:36Z">
          <reporter-output>
          </reporter-output>
        </test-method> <!-- testEditMilitaryCard -->
        <test-method status="PASS" signature="testRemoveMilitaryCard()[pri:0, instance:ua.bms.test.Unit9MilitaryTest@1832929]" name="testRemoveMilitaryCard" duration-ms="2375" started-at="2016-09-07T17:58:36Z" depends-on-methods="ua.bms.test.Unit9MilitaryTest.testEditMilitaryCard" finished-at="2016-09-07T17:58:39Z">
          <reporter-output>
          </reporter-output>
        </test-method> <!-- testRemoveMilitaryCard -->
        <test-method status="PASS" signature="testRestoreMilitaryCard()[pri:0, instance:ua.bms.test.Unit9MilitaryTest@1832929]" name="testRestoreMilitaryCard" duration-ms="1829" started-at="2016-09-07T17:58:39Z" depends-on-methods="ua.bms.test.Unit9MilitaryTest.testRemoveMilitaryCard" finished-at="2016-09-07T17:58:40Z">
          <reporter-output>
          </reporter-output>
        </test-method> <!-- testRestoreMilitaryCard -->
      </class> <!-- ua.bms.test.Unit9MilitaryTest -->
    </test> <!-- Test2 -->
    <test name="Test3" duration-ms="15596" started-at="2016-09-07T14:58:41Z" finished-at="2016-09-07T14:58:56Z">
      <class name="ua.bms.test.Unit7MassMediaTest">
        <test-method status="PASS" signature="init()[pri:0, instance:ua.bms.test.Unit7MassMediaTest@17fd0e6]" name="init" is-config="true" duration-ms="1629" started-at="2016-09-07T17:58:41Z" finished-at="2016-09-07T17:58:42Z">
          <reporter-output>
          </reporter-output>
        </test-method> <!-- init -->
        <test-method status="PASS" signature="mayBeLogIn()[pri:0, instance:ua.bms.test.Unit7MassMediaTest@17fd0e6]" name="mayBeLogIn" is-config="true" duration-ms="68" started-at="2016-09-07T17:58:42Z" finished-at="2016-09-07T17:58:42Z">
          <reporter-output>
          </reporter-output>
        </test-method> <!-- mayBeLogIn -->
        <test-method status="PASS" signature="testJumpToUnit7Page()[pri:0, instance:ua.bms.test.Unit7MassMediaTest@17fd0e6]" name="testJumpToUnit7Page" duration-ms="1198" started-at="2016-09-07T17:58:42Z" finished-at="2016-09-07T17:58:43Z">
          <reporter-output>
          </reporter-output>
        </test-method> <!-- testJumpToUnit7Page -->
        <test-method status="PASS" signature="testCreateMassMediaCard()[pri:0, instance:ua.bms.test.Unit7MassMediaTest@17fd0e6]" name="testCreateMassMediaCard" duration-ms="4793" started-at="2016-09-07T17:58:43Z" depends-on-methods="ua.bms.test.Unit7MassMediaTest.testJumpToUnit7Page" finished-at="2016-09-07T17:58:48Z">
          <reporter-output>
          </reporter-output>
        </test-method> <!-- testCreateMassMediaCard -->
        <test-method status="PASS" signature="testEditMassMediaCard()[pri:0, instance:ua.bms.test.Unit7MassMediaTest@17fd0e6]" name="testEditMassMediaCard" duration-ms="2780" started-at="2016-09-07T17:58:48Z" depends-on-methods="ua.bms.test.Unit7MassMediaTest.testCreateMassMediaCard" finished-at="2016-09-07T17:58:51Z">
          <reporter-output>
          </reporter-output>
        </test-method> <!-- testEditMassMediaCard -->
        <test-method status="PASS" signature="testRemoveMassMediaCard()[pri:0, instance:ua.bms.test.Unit7MassMediaTest@17fd0e6]" name="testRemoveMassMediaCard" duration-ms="2898" started-at="2016-09-07T17:58:51Z" depends-on-methods="ua.bms.test.Unit7MassMediaTest.testEditMassMediaCard" finished-at="2016-09-07T17:58:54Z">
          <reporter-output>
          </reporter-output>
        </test-method> <!-- testRemoveMassMediaCard -->
        <test-method status="PASS" signature="testRestoreMassMediaCard()[pri:0, instance:ua.bms.test.Unit7MassMediaTest@17fd0e6]" name="testRestoreMassMediaCard" duration-ms="2223" started-at="2016-09-07T17:58:54Z" depends-on-methods="ua.bms.test.Unit7MassMediaTest.testRemoveMassMediaCard" finished-at="2016-09-07T17:58:56Z">
          <reporter-output>
          </reporter-output>
        </test-method> <!-- testRestoreMassMediaCard -->
        <test-method status="PASS" signature="stop()[pri:0, instance:ua.bms.test.Unit7MassMediaTest@17fd0e6]" name="stop" is-config="true" duration-ms="833" started-at="2016-09-07T17:58:56Z" finished-at="2016-09-07T17:58:57Z">
          <reporter-output>
          </reporter-output>
        </test-method> <!-- stop -->
      </class> <!-- ua.bms.test.Unit7MassMediaTest -->
    </test> <!-- Test3 -->
  </suite> <!-- Tests -->
</testng-results>
