<?xml version="1.0" encoding="UTF-8"?>
<testng-results skipped="0" failed="0" total="3" passed="3">
  <reporter-output>
  </reporter-output>
  <suite name="Tests" duration-ms="31504" started-at="2016-07-21T14:50:41Z" finished-at="2016-07-21T14:51:13Z">
    <groups>
      <group name="unit9">
        <method signature="AdministrativeViolationTest.testJumpToUnit9Page()[pri:0, instance:ua.bms.test.AdministrativeViolationTest@da4253]" name="testJumpToUnit9Page" class="ua.bms.test.AdministrativeViolationTest"/>
        <method signature="AdministrativeViolationTest.testCreateMilitaryCard()[pri:0, instance:ua.bms.test.AdministrativeViolationTest@da4253]" name="testCreateMilitaryCard" class="ua.bms.test.AdministrativeViolationTest"/>
      </group> <!-- unit9 -->
      <group name="login">
        <method signature="LoginTest.testLoginForm()[pri:0, instance:ua.bms.test.LoginTest@4d6d96]" name="testLoginForm" class="ua.bms.test.LoginTest"/>
      </group> <!-- login -->
    </groups>
    <test name="Test1" duration-ms="6293" started-at="2016-07-21T14:50:41Z" finished-at="2016-07-21T14:50:48Z">
      <class name="ua.bms.test.LoginTest">
        <test-method status="PASS" signature="testLoginForm()[pri:0, instance:ua.bms.test.LoginTest@4d6d96]" name="testLoginForm" duration-ms="6272" started-at="2016-07-21T17:50:41Z" finished-at="2016-07-21T17:50:48Z">
          <reporter-output>
          </reporter-output>
        </test-method> <!-- testLoginForm -->
      </class> <!-- ua.bms.test.LoginTest -->
    </test> <!-- Test1 -->
    <test name="Test2" duration-ms="25178" started-at="2016-07-21T14:50:48Z" finished-at="2016-07-21T14:51:13Z">
      <class name="ua.bms.test.AdministrativeViolationTest">
        <test-method status="PASS" signature="testJumpToUnit9Page()[pri:0, instance:ua.bms.test.AdministrativeViolationTest@da4253]" name="testJumpToUnit9Page" duration-ms="6603" started-at="2016-07-21T17:50:48Z" finished-at="2016-07-21T17:50:54Z">
          <reporter-output>
          </reporter-output>
        </test-method> <!-- testJumpToUnit9Page -->
        <test-method status="PASS" signature="testCreateMilitaryCard()[pri:0, instance:ua.bms.test.AdministrativeViolationTest@da4253]" name="testCreateMilitaryCard" duration-ms="18572" started-at="2016-07-21T17:50:54Z" depends-on-methods="ua.bms.test.AdministrativeViolationTest.testJumpToUnit9Page" finished-at="2016-07-21T17:51:13Z">
          <reporter-output>
          </reporter-output>
        </test-method> <!-- testCreateMilitaryCard -->
        <test-method status="PASS" signature="tearDown()[pri:0, instance:ua.bms.test.AdministrativeViolationTest@da4253]" name="tearDown" is-config="true" duration-ms="692" started-at="2016-07-21T17:51:13Z" finished-at="2016-07-21T17:51:14Z">
          <reporter-output>
          </reporter-output>
        </test-method> <!-- tearDown -->
      </class> <!-- ua.bms.test.AdministrativeViolationTest -->
    </test> <!-- Test2 -->
  </suite> <!-- Tests -->
</testng-results>
