<?xml version="1.0" encoding="UTF-8"?>
<testng-results skipped="0" failed="1" total="4" passed="3">
  <reporter-output>
  </reporter-output>
  <suite name="Tests" duration-ms="15094" started-at="2016-09-05T15:10:24Z" finished-at="2016-09-05T15:10:39Z">
    <groups>
      <group name="unit9">
        <method signature="Unit9MilitaryTest.testJumpToUnit9Page()[pri:0, instance:ua.bms.test.Unit9MilitaryTest@1774679]" name="testJumpToUnit9Page" class="ua.bms.test.Unit9MilitaryTest"/>
      </group> <!-- unit9 -->
      <group name="login3">
        <method signature="LoginTest.testLoginFailedLogin()[pri:1, instance:ua.bms.test.LoginTest@c0edeb]" name="testLoginFailedLogin" class="ua.bms.test.LoginTest"/>
      </group> <!-- login3 -->
      <group name="login2">
        <method signature="LoginTest.testLoginFailedPassword()[pri:2, instance:ua.bms.test.LoginTest@c0edeb]" name="testLoginFailedPassword" class="ua.bms.test.LoginTest"/>
      </group> <!-- login2 -->
      <group name="login1">
        <method signature="LoginTest.testLoginOK()[pri:3, instance:ua.bms.test.LoginTest@c0edeb]" name="testLoginOK" class="ua.bms.test.LoginTest"/>
      </group> <!-- login1 -->
    </groups>
    <test name="Test1" duration-ms="15043" started-at="2016-09-05T15:10:24Z" finished-at="2016-09-05T15:10:39Z">
      <class name="ua.bms.test.LoginTest">
        <test-method status="PASS" signature="init()[pri:0, instance:ua.bms.test.LoginTest@c0edeb]" name="init" is-config="true" duration-ms="5969" started-at="2016-09-05T18:10:24Z" finished-at="2016-09-05T18:10:30Z">
          <reporter-output>
          </reporter-output>
        </test-method> <!-- init -->
        <test-method status="PASS" signature="mayBeLogout()[pri:0, instance:ua.bms.test.LoginTest@c0edeb]" name="mayBeLogout" is-config="true" duration-ms="2106" started-at="2016-09-05T18:10:30Z" finished-at="2016-09-05T18:10:32Z">
          <reporter-output>
          </reporter-output>
        </test-method> <!-- mayBeLogout -->
        <test-method status="PASS" signature="testLoginFailedLogin()[pri:1, instance:ua.bms.test.LoginTest@c0edeb]" name="testLoginFailedLogin" duration-ms="776" started-at="2016-09-05T18:10:32Z" finished-at="2016-09-05T18:10:33Z">
          <reporter-output>
          </reporter-output>
        </test-method> <!-- testLoginFailedLogin -->
        <test-method status="PASS" signature="mayBeLogout()[pri:0, instance:ua.bms.test.LoginTest@c0edeb]" name="mayBeLogout" is-config="true" duration-ms="14" started-at="2016-09-05T18:10:33Z" finished-at="2016-09-05T18:10:33Z">
          <reporter-output>
          </reporter-output>
        </test-method> <!-- mayBeLogout -->
        <test-method status="PASS" signature="testLoginFailedPassword()[pri:2, instance:ua.bms.test.LoginTest@c0edeb]" name="testLoginFailedPassword" duration-ms="1415" started-at="2016-09-05T18:10:33Z" finished-at="2016-09-05T18:10:34Z">
          <reporter-output>
          </reporter-output>
        </test-method> <!-- testLoginFailedPassword -->
        <test-method status="PASS" signature="mayBeLogout()[pri:0, instance:ua.bms.test.LoginTest@c0edeb]" name="mayBeLogout" is-config="true" duration-ms="16" started-at="2016-09-05T18:10:34Z" finished-at="2016-09-05T18:10:34Z">
          <reporter-output>
          </reporter-output>
        </test-method> <!-- mayBeLogout -->
        <test-method status="PASS" signature="testLoginOK()[pri:3, instance:ua.bms.test.LoginTest@c0edeb]" name="testLoginOK" duration-ms="4721" started-at="2016-09-05T18:10:34Z" finished-at="2016-09-05T18:10:39Z">
          <reporter-output>
          </reporter-output>
        </test-method> <!-- testLoginOK -->
      </class> <!-- ua.bms.test.LoginTest -->
    </test> <!-- Test1 -->
    <test name="Test2" duration-ms="11" started-at="2016-09-05T15:10:39Z" finished-at="2016-09-05T15:10:39Z">
      <class name="ua.bms.test.LoginTest">
        <test-method status="PASS" signature="stop()[pri:0, instance:ua.bms.test.LoginTest@c0edeb]" name="stop" is-config="true" duration-ms="556" started-at="2016-09-05T18:10:39Z" finished-at="2016-09-05T18:10:39Z">
          <reporter-output>
          </reporter-output>
        </test-method> <!-- stop -->
      </class> <!-- ua.bms.test.LoginTest -->
      <class name="ua.bms.test.Unit9MilitaryTest">
        <test-method status="FAIL" signature="testJumpToUnit9Page()[pri:0, instance:ua.bms.test.Unit9MilitaryTest@1774679]" name="testJumpToUnit9Page" duration-ms="2" started-at="2016-09-05T18:10:39Z" finished-at="2016-09-05T18:10:39Z">
          <exception class="java.lang.NullPointerException">
            <full-stacktrace>
              <![CDATA[java.lang.NullPointerException
	at ua.bms.test.Unit9MilitaryTest.testJumpToUnit9Page(Unit9MilitaryTest.java:22)
	at sun.reflect.NativeMethodAccessorImpl.invoke0(Native Method)
	at sun.reflect.NativeMethodAccessorImpl.invoke(NativeMethodAccessorImpl.java:62)
	at sun.reflect.DelegatingMethodAccessorImpl.invoke(DelegatingMethodAccessorImpl.java:43)
	at java.lang.reflect.Method.invoke(Method.java:498)
	at org.testng.internal.MethodInvocationHelper.invokeMethod(MethodInvocationHelper.java:86)
	at org.testng.internal.Invoker.invokeMethod(Invoker.java:646)
	at org.testng.internal.Invoker.invokeTestMethod(Invoker.java:823)
	at org.testng.internal.Invoker.invokeTestMethods(Invoker.java:1131)
	at org.testng.internal.TestMethodWorker.invokeTestMethods(TestMethodWorker.java:129)
	at org.testng.internal.TestMethodWorker.run(TestMethodWorker.java:112)
	at org.testng.TestRunner.privateRun(TestRunner.java:778)
	at org.testng.TestRunner.run(TestRunner.java:632)
	at org.testng.SuiteRunner.runTest(SuiteRunner.java:366)
	at org.testng.SuiteRunner.runSequentially(SuiteRunner.java:361)
	at org.testng.SuiteRunner.privateRun(SuiteRunner.java:319)
	at org.testng.SuiteRunner.run(SuiteRunner.java:268)
	at org.testng.SuiteRunnerWorker.runSuite(SuiteRunnerWorker.java:52)
	at org.testng.SuiteRunnerWorker.run(SuiteRunnerWorker.java:86)
	at org.testng.TestNG.runSuitesSequentially(TestNG.java:1225)
	at org.testng.TestNG.runSuitesLocally(TestNG.java:1150)
	at org.testng.TestNG.runSuites(TestNG.java:1075)
	at org.testng.TestNG.run(TestNG.java:1047)
	at org.testng.remote.AbstractRemoteTestNG.run(AbstractRemoteTestNG.java:126)
	at org.testng.remote.RemoteTestNG.initAndRun(RemoteTestNG.java:137)
	at org.testng.remote.RemoteTestNG.main(RemoteTestNG.java:58)
]]>
            </full-stacktrace>
          </exception> <!-- java.lang.NullPointerException -->
          <reporter-output>
          </reporter-output>
        </test-method> <!-- testJumpToUnit9Page -->
      </class> <!-- ua.bms.test.Unit9MilitaryTest -->
    </test> <!-- Test2 -->
  </suite> <!-- Tests -->
</testng-results>
