<?xml version="1.0" encoding="UTF-8"?>
<testng-results skipped="0" failed="1" total="1" passed="0">
  <reporter-output>
  </reporter-output>
  <suite name="Default suite" duration-ms="24687" started-at="2016-07-04T15:02:17Z" finished-at="2016-07-04T15:02:42Z">
    <groups>
    </groups>
    <test name="Default test" duration-ms="24687" started-at="2016-07-04T15:02:17Z" finished-at="2016-07-04T15:02:42Z">
      <class name="ua.bms.test.AdministrativeViolationTest">
        <test-method status="FAIL" signature="testLoginForm()[pri:0, instance:ua.bms.test.AdministrativeViolationTest@16b88f5]" name="testLoginForm" duration-ms="23779" started-at="2016-07-04T18:02:17Z" finished-at="2016-07-04T18:02:41Z">
          <exception class="org.openqa.selenium.WebDriverException">
            <message>
              <![CDATA[Element must be user-editable in order to clear it.
Command duration or timeout: 5.24 seconds
Build info: version: '2.53.0', revision: '35ae25b1534ae328c771e0856c93e187490ca824', time: '2016-03-15 10:43:46'
System info: host: 'ChubenkoV', ip: '10.101.11.42', os.name: 'Windows 8.1', os.arch: 'x86', os.version: '6.3', java.version: '1.8.0_92'
Driver info: org.openqa.selenium.firefox.FirefoxDriver
Capabilities [{applicationCacheEnabled=true, rotatable=false, handlesAlerts=true, databaseEnabled=true, version=45.2.0, platform=WINDOWS, nativeEvents=false, acceptSslCerts=true, webStorageEnabled=true, locationContextEnabled=true, browserName=firefox, takesScreenshot=true, javascriptEnabled=true, cssSelectorsEnabled=true}]
Session ID: 52dfaa4f-a5d6-453a-8d47-c298c82ebd95]]>
            </message>
            <full-stacktrace>
              <![CDATA[org.openqa.selenium.WebDriverException: Element must be user-editable in order to clear it.
Command duration or timeout: 5.24 seconds
Build info: version: '2.53.0', revision: '35ae25b1534ae328c771e0856c93e187490ca824', time: '2016-03-15 10:43:46'
System info: host: 'ChubenkoV', ip: '10.101.11.42', os.name: 'Windows 8.1', os.arch: 'x86', os.version: '6.3', java.version: '1.8.0_92'
Driver info: org.openqa.selenium.firefox.FirefoxDriver
Capabilities [{applicationCacheEnabled=true, rotatable=false, handlesAlerts=true, databaseEnabled=true, version=45.2.0, platform=WINDOWS, nativeEvents=false, acceptSslCerts=true, webStorageEnabled=true, locationContextEnabled=true, browserName=firefox, takesScreenshot=true, javascriptEnabled=true, cssSelectorsEnabled=true}]
Session ID: 52dfaa4f-a5d6-453a-8d47-c298c82ebd95
	at sun.reflect.NativeConstructorAccessorImpl.newInstance0(Native Method)
	at sun.reflect.NativeConstructorAccessorImpl.newInstance(NativeConstructorAccessorImpl.java:62)
	at sun.reflect.DelegatingConstructorAccessorImpl.newInstance(DelegatingConstructorAccessorImpl.java:45)
	at java.lang.reflect.Constructor.newInstance(Constructor.java:423)
	at org.openqa.selenium.remote.ErrorHandler.createThrowable(ErrorHandler.java:206)
	at org.openqa.selenium.remote.ErrorHandler.throwIfResponseFailed(ErrorHandler.java:158)
	at org.openqa.selenium.remote.RemoteWebDriver.execute(RemoteWebDriver.java:678)
	at org.openqa.selenium.remote.RemoteWebElement.execute(RemoteWebElement.java:327)
	at org.openqa.selenium.remote.RemoteWebElement.clear(RemoteWebElement.java:140)
	at sun.reflect.NativeMethodAccessorImpl.invoke0(Native Method)
	at sun.reflect.NativeMethodAccessorImpl.invoke(NativeMethodAccessorImpl.java:62)
	at sun.reflect.DelegatingMethodAccessorImpl.invoke(DelegatingMethodAccessorImpl.java:43)
	at java.lang.reflect.Method.invoke(Method.java:498)
	at org.openqa.selenium.support.pagefactory.internal.LocatingElementHandler.invoke(LocatingElementHandler.java:51)
	at com.sun.proxy.$Proxy6.clear(Unknown Source)
	at ua.bms.pages.Page.type(Page.java:18)
	at ua.bms.pages.AdministrativeViolationsPage.createCard(AdministrativeViolationsPage.java:167)
	at ua.bms.test.AdministrativeViolationTest.testLoginForm(AdministrativeViolationTest.java:27)
	at sun.reflect.NativeMethodAccessorImpl.invoke0(Native Method)
	at sun.reflect.NativeMethodAccessorImpl.invoke(NativeMethodAccessorImpl.java:62)
	at sun.reflect.DelegatingMethodAccessorImpl.invoke(DelegatingMethodAccessorImpl.java:43)
	at java.lang.reflect.Method.invoke(Method.java:498)
	at org.testng.internal.MethodInvocationHelper.invokeMethod(MethodInvocationHelper.java:86)
	at org.testng.internal.Invoker.invokeMethod(Invoker.java:646)
	at org.testng.internal.Invoker.invokeTestMethod(Invoker.java:823)
	at org.testng.internal.Invoker.invokeTestMethods(Invoker.java:1131)
	at org.testng.internal.TestMethodWorker.invokeTestMethods(TestMethodWorker.java:129)
	at org.testng.internal.TestMethodWorker.run(TestMethodWorker.java:112)
	at org.testng.TestRunner.privateRun(TestRunner.java:778)
	at org.testng.TestRunner.run(TestRunner.java:632)
	at org.testng.SuiteRunner.runTest(SuiteRunner.java:366)
	at org.testng.SuiteRunner.runSequentially(SuiteRunner.java:361)
	at org.testng.SuiteRunner.privateRun(SuiteRunner.java:319)
	at org.testng.SuiteRunner.run(SuiteRunner.java:268)
	at org.testng.SuiteRunnerWorker.runSuite(SuiteRunnerWorker.java:52)
	at org.testng.SuiteRunnerWorker.run(SuiteRunnerWorker.java:86)
	at org.testng.TestNG.runSuitesSequentially(TestNG.java:1225)
	at org.testng.TestNG.runSuitesLocally(TestNG.java:1150)
	at org.testng.TestNG.runSuites(TestNG.java:1075)
	at org.testng.TestNG.run(TestNG.java:1047)
	at org.testng.remote.AbstractRemoteTestNG.run(AbstractRemoteTestNG.java:126)
	at org.testng.remote.RemoteTestNG.initAndRun(RemoteTestNG.java:137)
	at org.testng.remote.RemoteTestNG.main(RemoteTestNG.java:58)
Caused by: org.openqa.selenium.WebDriverException: Element must be user-editable in order to clear it.
Build info: version: '2.53.0', revision: '35ae25b1534ae328c771e0856c93e187490ca824', time: '2016-03-15 10:43:46'
System info: host: 'ChubenkoV', ip: '10.101.11.42', os.name: 'Windows 8.1', os.arch: 'x86', os.version: '6.3', java.version: '1.8.0_92'
Driver info: driver.version: unknown
	at <anonymous class>.bot.Error(file:///C:/Users/CHUBEN~1/AppData/Local/Temp/anonymous5035310497162810074webdriver-profile/extensions/fxdriver@googlecode.com/components/command-processor.js:681)
	at <anonymous class>.bot.action.clear(file:///C:/Users/CHUBEN~1/AppData/Local/Temp/anonymous5035310497162810074webdriver-profile/extensions/fxdriver@googlecode.com/components/command-processor.js:11685)
	at <anonymous class>.WebElement.clearElement(file:///C:/Users/CHUBEN~1/AppData/Local/Temp/anonymous5035310497162810074webdriver-profile/extensions/fxdriver@googlecode.com/components/command-processor.js:12136)
	at <anonymous class>.DelayedCommand.prototype.executeInternal_/h(file:///C:/Users/CHUBEN~1/AppData/Local/Temp/anonymous5035310497162810074webdriver-profile/extensions/fxdriver@googlecode.com/components/command-processor.js:12661)
	at <anonymous class>.fxdriver.Timer.prototype.setTimeout/<.notify(file:///C:/Users/CHUBEN~1/AppData/Local/Temp/anonymous5035310497162810074webdriver-profile/extensions/fxdriver@googlecode.com/components/command-processor.js:625)
]]>
            </full-stacktrace>
          </exception> <!-- org.openqa.selenium.WebDriverException -->
          <reporter-output>
          </reporter-output>
        </test-method> <!-- testLoginForm -->
        <test-method status="PASS" signature="tearDown()[pri:0, instance:ua.bms.test.AdministrativeViolationTest@16b88f5]" name="tearDown" is-config="true" duration-ms="877" started-at="2016-07-04T18:02:41Z" finished-at="2016-07-04T18:02:42Z">
          <reporter-output>
          </reporter-output>
        </test-method> <!-- tearDown -->
      </class> <!-- ua.bms.test.AdministrativeViolationTest -->
    </test> <!-- Default test -->
  </suite> <!-- Default suite -->
</testng-results>
