<?xml version="1.0" encoding="UTF-8"?>
<testng-results skipped="0" failed="0" total="11" passed="11">
  <reporter-output>
  </reporter-output>
  <suite name="Tests" duration-ms="132781" started-at="2016-09-06T15:04:49Z" finished-at="2016-09-06T15:07:01Z">
    <groups>
      <group name="unit9">
        <method signature="Unit9MilitaryTest.testJumpToUnit9Page()[pri:0, instance:ua.bms.test.Unit9MilitaryTest@1832929]" name="testJumpToUnit9Page" class="ua.bms.test.Unit9MilitaryTest"/>
        <method signature="Unit9MilitaryTest.testCreateMilitaryCard()[pri:0, instance:ua.bms.test.Unit9MilitaryTest@1832929]" name="testCreateMilitaryCard" class="ua.bms.test.Unit9MilitaryTest"/>
        <method signature="Unit9MilitaryTest.testEditMilitaryCard()[pri:0, instance:ua.bms.test.Unit9MilitaryTest@1832929]" name="testEditMilitaryCard" class="ua.bms.test.Unit9MilitaryTest"/>
        <method signature="Unit9MilitaryTest.testRemoveMilitaryCard()[pri:0, instance:ua.bms.test.Unit9MilitaryTest@1832929]" name="testRemoveMilitaryCard" class="ua.bms.test.Unit9MilitaryTest"/>
        <method signature="Unit9MilitaryTest.testRestoreMilitaryCard()[pri:0, instance:ua.bms.test.Unit9MilitaryTest@1832929]" name="testRestoreMilitaryCard" class="ua.bms.test.Unit9MilitaryTest"/>
      </group> <!-- unit9 -->
      <group name="unit7">
        <method signature="Unit7MassMediaTest.testJumpToUnit7Page()[pri:0, instance:ua.bms.test.Unit7MassMediaTest@17fd0e6]" name="testJumpToUnit7Page" class="ua.bms.test.Unit7MassMediaTest"/>
        <method signature="Unit7MassMediaTest.testCreateMassMediaCard()[pri:0, instance:ua.bms.test.Unit7MassMediaTest@17fd0e6]" name="testCreateMassMediaCard" class="ua.bms.test.Unit7MassMediaTest"/>
        <method signature="Unit7MassMediaTest.testEditMassMediaCard()[pri:0, instance:ua.bms.test.Unit7MassMediaTest@17fd0e6]" name="testEditMassMediaCard" class="ua.bms.test.Unit7MassMediaTest"/>
      </group> <!-- unit7 -->
      <group name="login">
        <method signature="LoginTest.testLoginFailedLogin()[pri:1, instance:ua.bms.test.LoginTest@1604f19]" name="testLoginFailedLogin" class="ua.bms.test.LoginTest"/>
        <method signature="LoginTest.testLoginFailedPassword()[pri:2, instance:ua.bms.test.LoginTest@1604f19]" name="testLoginFailedPassword" class="ua.bms.test.LoginTest"/>
        <method signature="LoginTest.testLoginOK()[pri:3, instance:ua.bms.test.LoginTest@1604f19]" name="testLoginOK" class="ua.bms.test.LoginTest"/>
      </group> <!-- login -->
    </groups>
    <test name="Test1" duration-ms="40060" started-at="2016-09-06T15:04:49Z" finished-at="2016-09-06T15:05:29Z">
      <class name="ua.bms.test.LoginTest">
        <test-method status="PASS" signature="init()[pri:0, instance:ua.bms.test.LoginTest@1604f19]" name="init" is-config="true" duration-ms="9437" started-at="2016-09-06T18:04:49Z" finished-at="2016-09-06T18:04:58Z">
          <reporter-output>
          </reporter-output>
        </test-method> <!-- init -->
        <test-method status="PASS" signature="mayBeLogIn()[pri:0, instance:ua.bms.test.LoginTest@1604f19]" name="mayBeLogIn" is-config="true" duration-ms="15554" started-at="2016-09-06T18:04:58Z" finished-at="2016-09-06T18:05:14Z">
          <reporter-output>
          </reporter-output>
        </test-method> <!-- mayBeLogIn -->
        <test-method status="PASS" signature="mayBeLogout()[pri:0, instance:ua.bms.test.LoginTest@1604f19]" name="mayBeLogout" is-config="true" duration-ms="6231" started-at="2016-09-06T18:05:14Z" finished-at="2016-09-06T18:05:20Z">
          <reporter-output>
          </reporter-output>
        </test-method> <!-- mayBeLogout -->
        <test-method status="PASS" signature="testLoginFailedLogin()[pri:1, instance:ua.bms.test.LoginTest@1604f19]" name="testLoginFailedLogin" duration-ms="1484" started-at="2016-09-06T18:05:20Z" finished-at="2016-09-06T18:05:21Z">
          <reporter-output>
          </reporter-output>
        </test-method> <!-- testLoginFailedLogin -->
        <test-method status="PASS" signature="mayBeLogout()[pri:0, instance:ua.bms.test.LoginTest@1604f19]" name="mayBeLogout" is-config="true" duration-ms="25" started-at="2016-09-06T18:05:21Z" finished-at="2016-09-06T18:05:21Z">
          <reporter-output>
          </reporter-output>
        </test-method> <!-- mayBeLogout -->
        <test-method status="PASS" signature="testLoginFailedPassword()[pri:2, instance:ua.bms.test.LoginTest@1604f19]" name="testLoginFailedPassword" duration-ms="740" started-at="2016-09-06T18:05:21Z" finished-at="2016-09-06T18:05:22Z">
          <reporter-output>
          </reporter-output>
        </test-method> <!-- testLoginFailedPassword -->
        <test-method status="PASS" signature="mayBeLogout()[pri:0, instance:ua.bms.test.LoginTest@1604f19]" name="mayBeLogout" is-config="true" duration-ms="30" started-at="2016-09-06T18:05:22Z" finished-at="2016-09-06T18:05:22Z">
          <reporter-output>
          </reporter-output>
        </test-method> <!-- mayBeLogout -->
        <test-method status="PASS" signature="testLoginOK()[pri:3, instance:ua.bms.test.LoginTest@1604f19]" name="testLoginOK" duration-ms="6500" started-at="2016-09-06T18:05:22Z" finished-at="2016-09-06T18:05:29Z">
          <reporter-output>
          </reporter-output>
        </test-method> <!-- testLoginOK -->
      </class> <!-- ua.bms.test.LoginTest -->
    </test> <!-- Test1 -->
    <test name="Test2" duration-ms="68195" started-at="2016-09-06T15:05:29Z" finished-at="2016-09-06T15:06:37Z">
      <class name="ua.bms.test.Unit9MilitaryTest">
        <test-method status="PASS" signature="init()[pri:0, instance:ua.bms.test.Unit9MilitaryTest@1832929]" name="init" is-config="true" duration-ms="3516" started-at="2016-09-06T18:05:29Z" finished-at="2016-09-06T18:05:32Z">
          <reporter-output>
          </reporter-output>
        </test-method> <!-- init -->
        <test-method status="PASS" signature="mayBeLogIn()[pri:0, instance:ua.bms.test.Unit9MilitaryTest@1832929]" name="mayBeLogIn" is-config="true" duration-ms="425" started-at="2016-09-06T18:05:32Z" finished-at="2016-09-06T18:05:33Z">
          <reporter-output>
          </reporter-output>
        </test-method> <!-- mayBeLogIn -->
        <test-method status="PASS" signature="testJumpToUnit9Page()[pri:0, instance:ua.bms.test.Unit9MilitaryTest@1832929]" name="testJumpToUnit9Page" duration-ms="5344" started-at="2016-09-06T18:05:33Z" finished-at="2016-09-06T18:05:38Z">
          <reporter-output>
          </reporter-output>
        </test-method> <!-- testJumpToUnit9Page -->
        <test-method status="PASS" signature="testCreateMilitaryCard()[pri:0, instance:ua.bms.test.Unit9MilitaryTest@1832929]" name="testCreateMilitaryCard" duration-ms="34473" started-at="2016-09-06T18:05:38Z" depends-on-methods="ua.bms.test.Unit9MilitaryTest.testJumpToUnit9Page" finished-at="2016-09-06T18:06:12Z">
          <reporter-output>
          </reporter-output>
        </test-method> <!-- testCreateMilitaryCard -->
        <test-method status="PASS" signature="testEditMilitaryCard()[pri:0, instance:ua.bms.test.Unit9MilitaryTest@1832929]" name="testEditMilitaryCard" duration-ms="12651" started-at="2016-09-06T18:06:12Z" depends-on-methods="ua.bms.test.Unit9MilitaryTest.testCreateMilitaryCard" finished-at="2016-09-06T18:06:25Z">
          <reporter-output>
          </reporter-output>
        </test-method> <!-- testEditMilitaryCard -->
        <test-method status="PASS" signature="testRemoveMilitaryCard()[pri:0, instance:ua.bms.test.Unit9MilitaryTest@1832929]" name="testRemoveMilitaryCard" duration-ms="6253" started-at="2016-09-06T18:06:25Z" depends-on-methods="ua.bms.test.Unit9MilitaryTest.testEditMilitaryCard" finished-at="2016-09-06T18:06:31Z">
          <reporter-output>
          </reporter-output>
        </test-method> <!-- testRemoveMilitaryCard -->
        <test-method status="PASS" signature="testRestoreMilitaryCard()[pri:0, instance:ua.bms.test.Unit9MilitaryTest@1832929]" name="testRestoreMilitaryCard" duration-ms="5520" started-at="2016-09-06T18:06:31Z" depends-on-methods="ua.bms.test.Unit9MilitaryTest.testRemoveMilitaryCard" finished-at="2016-09-06T18:06:37Z">
          <reporter-output>
          </reporter-output>
        </test-method> <!-- testRestoreMilitaryCard -->
      </class> <!-- ua.bms.test.Unit9MilitaryTest -->
    </test> <!-- Test2 -->
    <test name="Test3" duration-ms="24442" started-at="2016-09-06T15:06:37Z" finished-at="2016-09-06T15:07:01Z">
      <class name="ua.bms.test.Unit7MassMediaTest">
        <test-method status="PASS" signature="init()[pri:0, instance:ua.bms.test.Unit7MassMediaTest@17fd0e6]" name="init" is-config="true" duration-ms="3158" started-at="2016-09-06T18:06:37Z" finished-at="2016-09-06T18:06:40Z">
          <reporter-output>
          </reporter-output>
        </test-method> <!-- init -->
        <test-method status="PASS" signature="mayBeLogIn()[pri:0, instance:ua.bms.test.Unit7MassMediaTest@17fd0e6]" name="mayBeLogIn" is-config="true" duration-ms="411" started-at="2016-09-06T18:06:40Z" finished-at="2016-09-06T18:06:40Z">
          <reporter-output>
          </reporter-output>
        </test-method> <!-- mayBeLogIn -->
        <test-method status="PASS" signature="testJumpToUnit7Page()[pri:0, instance:ua.bms.test.Unit7MassMediaTest@17fd0e6]" name="testJumpToUnit7Page" duration-ms="2980" started-at="2016-09-06T18:06:40Z" finished-at="2016-09-06T18:06:43Z">
          <reporter-output>
          </reporter-output>
        </test-method> <!-- testJumpToUnit7Page -->
        <test-method status="PASS" signature="testCreateMassMediaCard()[pri:0, instance:ua.bms.test.Unit7MassMediaTest@17fd0e6]" name="testCreateMassMediaCard" duration-ms="10539" started-at="2016-09-06T18:06:43Z" depends-on-methods="ua.bms.test.Unit7MassMediaTest.testJumpToUnit7Page" finished-at="2016-09-06T18:06:54Z">
          <reporter-output>
          </reporter-output>
        </test-method> <!-- testCreateMassMediaCard -->
        <test-method status="PASS" signature="testEditMassMediaCard()[pri:0, instance:ua.bms.test.Unit7MassMediaTest@17fd0e6]" name="testEditMassMediaCard" duration-ms="7344" started-at="2016-09-06T18:06:54Z" depends-on-methods="ua.bms.test.Unit7MassMediaTest.testCreateMassMediaCard" finished-at="2016-09-06T18:07:01Z">
          <reporter-output>
          </reporter-output>
        </test-method> <!-- testEditMassMediaCard -->
        <test-method status="PASS" signature="stop()[pri:0, instance:ua.bms.test.Unit7MassMediaTest@17fd0e6]" name="stop" is-config="true" duration-ms="1008" started-at="2016-09-06T18:07:01Z" finished-at="2016-09-06T18:07:02Z">
          <reporter-output>
          </reporter-output>
        </test-method> <!-- stop -->
      </class> <!-- ua.bms.test.Unit7MassMediaTest -->
    </test> <!-- Test3 -->
  </suite> <!-- Tests -->
</testng-results>
