<?xml version="1.0" encoding="UTF-8"?>
<testng-results skipped="0" failed="0" total="3" passed="3">
  <reporter-output>
  </reporter-output>
  <suite name="Default suite" duration-ms="12819" started-at="2016-07-26T14:22:31Z" finished-at="2016-07-26T14:22:43Z">
    <groups>
      <group name="login3">
        <method signature="LoginTest.testFailedLogin()[pri:0, instance:ua.bms.test.LoginTest@16ddd1d]" name="testFailedLogin" class="ua.bms.test.LoginTest"/>
      </group> <!-- login3 -->
      <group name="login2">
        <method signature="LoginTest.testFailedPassword()[pri:0, instance:ua.bms.test.LoginTest@16ddd1d]" name="testFailedPassword" class="ua.bms.test.LoginTest"/>
      </group> <!-- login2 -->
      <group name="login1">
        <method signature="LoginTest.testLogin()[pri:0, instance:ua.bms.test.LoginTest@16ddd1d]" name="testLogin" class="ua.bms.test.LoginTest"/>
      </group> <!-- login1 -->
    </groups>
    <test name="Default test" duration-ms="12819" started-at="2016-07-26T14:22:31Z" finished-at="2016-07-26T14:22:43Z">
      <class name="ua.bms.test.LoginTest">
        <test-method status="PASS" signature="getWebDriver()[pri:0, instance:ua.bms.test.LoginTest@16ddd1d]" name="getWebDriver" is-config="true" duration-ms="16" started-at="2016-07-26T17:22:31Z" finished-at="2016-07-26T17:22:31Z">
          <reporter-output>
          </reporter-output>
        </test-method> <!-- getWebDriver -->
        <test-method status="PASS" signature="testFailedLogin()[pri:0, instance:ua.bms.test.LoginTest@16ddd1d]" name="testFailedLogin" duration-ms="3591" started-at="2016-07-26T17:22:31Z" finished-at="2016-07-26T17:22:34Z">
          <reporter-output>
          </reporter-output>
        </test-method> <!-- testFailedLogin -->
        <test-method status="PASS" signature="testFailedPassword()[pri:0, instance:ua.bms.test.LoginTest@16ddd1d]" name="testFailedPassword" duration-ms="3670" started-at="2016-07-26T17:22:34Z" finished-at="2016-07-26T17:22:38Z">
          <reporter-output>
          </reporter-output>
        </test-method> <!-- testFailedPassword -->
        <test-method status="PASS" signature="testLogin()[pri:0, instance:ua.bms.test.LoginTest@16ddd1d]" name="testLogin" duration-ms="5535" started-at="2016-07-26T17:22:38Z" finished-at="2016-07-26T17:22:43Z">
          <reporter-output>
          </reporter-output>
        </test-method> <!-- testLogin -->
        <test-method status="PASS" signature="tearDown()[pri:0, instance:ua.bms.test.LoginTest@16ddd1d]" name="tearDown" is-config="true" duration-ms="634" started-at="2016-07-26T17:22:43Z" finished-at="2016-07-26T17:22:44Z">
          <reporter-output>
          </reporter-output>
        </test-method> <!-- tearDown -->
      </class> <!-- ua.bms.test.LoginTest -->
    </test> <!-- Default test -->
  </suite> <!-- Default suite -->
</testng-results>
