<?xml version="1.0" encoding="UTF-8"?>
<testng-results skipped="0" failed="1" total="4" passed="3">
  <reporter-output>
  </reporter-output>
  <suite name="Default suite" duration-ms="50737" started-at="2016-07-29T14:52:57Z" finished-at="2016-07-29T14:53:47Z">
    <groups>
      <group name="unit9">
        <method signature="Unit9MilitaryTest.testJumpToUnit9Page()[pri:0, instance:ua.bms.test.Unit9MilitaryTest@16ddd1d]" name="testJumpToUnit9Page" class="ua.bms.test.Unit9MilitaryTest"/>
        <method signature="Unit9MilitaryTest.testCreateMilitaryCard()[pri:0, instance:ua.bms.test.Unit9MilitaryTest@16ddd1d]" name="testCreateMilitaryCard" class="ua.bms.test.Unit9MilitaryTest"/>
        <method signature="Unit9MilitaryTest.testEditMilitaryCard()[pri:0, instance:ua.bms.test.Unit9MilitaryTest@16ddd1d]" name="testEditMilitaryCard" class="ua.bms.test.Unit9MilitaryTest"/>
        <method signature="Unit9MilitaryTest.testRemoveMilitaryCard()[pri:0, instance:ua.bms.test.Unit9MilitaryTest@16ddd1d]" name="testRemoveMilitaryCard" class="ua.bms.test.Unit9MilitaryTest"/>
      </group> <!-- unit9 -->
    </groups>
    <test name="Default test" duration-ms="50737" started-at="2016-07-29T14:52:57Z" finished-at="2016-07-29T14:53:47Z">
      <class name="ua.bms.test.Unit9MilitaryTest">
        <test-method status="PASS" signature="getWebDriver()[pri:0, instance:ua.bms.test.Unit9MilitaryTest@16ddd1d]" name="getWebDriver" is-config="true" duration-ms="12" started-at="2016-07-29T17:52:57Z" finished-at="2016-07-29T17:52:57Z">
          <reporter-output>
          </reporter-output>
        </test-method> <!-- getWebDriver -->
        <test-method status="PASS" signature="testJumpToUnit9Page()[pri:0, instance:ua.bms.test.Unit9MilitaryTest@16ddd1d]" name="testJumpToUnit9Page" duration-ms="7938" started-at="2016-07-29T17:52:57Z" finished-at="2016-07-29T17:53:05Z">
          <reporter-output>
          </reporter-output>
        </test-method> <!-- testJumpToUnit9Page -->
        <test-method status="FAIL" signature="testRemoveMilitaryCard()[pri:0, instance:ua.bms.test.Unit9MilitaryTest@16ddd1d]" name="testRemoveMilitaryCard" duration-ms="15064" started-at="2016-07-29T17:53:05Z" finished-at="2016-07-29T17:53:20Z">
          <exception class="org.openqa.selenium.NoSuchElementException">
            <message>
              <![CDATA[Unable to locate element: {"method":"xpath","selector":"/html/body/div[2]/div/div/div[1]/div[2]/div/div[3]/div[1]/div[1]/table[1]/tbody/tr/td[13]/div/img"}
Command duration or timeout: 5.05 seconds
For documentation on this error, please visit: http://seleniumhq.org/exceptions/no_such_element.html
Build info: version: '2.53.0', revision: '35ae25b1534ae328c771e0856c93e187490ca824', time: '2016-03-15 10:43:46'
System info: host: 'ChubenkoV', ip: '10.101.11.111', os.name: 'Windows 8.1', os.arch: 'x86', os.version: '6.3', java.version: '1.8.0_92'
Driver info: org.openqa.selenium.firefox.FirefoxDriver
Capabilities [{applicationCacheEnabled=true, rotatable=false, handlesAlerts=true, databaseEnabled=true, version=45.2.0, platform=WINDOWS, nativeEvents=false, acceptSslCerts=true, webStorageEnabled=true, locationContextEnabled=true, browserName=firefox, takesScreenshot=true, javascriptEnabled=true, cssSelectorsEnabled=true}]
Session ID: e21efce2-8ea7-471a-88ec-789cfd3b8476
*** Element info: {Using=xpath, value=/html/body/div[2]/div/div/div[1]/div[2]/div/div[3]/div[1]/div[1]/table[1]/tbody/tr/td[13]/div/img}]]>
            </message>
            <full-stacktrace>
              <![CDATA[org.openqa.selenium.NoSuchElementException: Unable to locate element: {"method":"xpath","selector":"/html/body/div[2]/div/div/div[1]/div[2]/div/div[3]/div[1]/div[1]/table[1]/tbody/tr/td[13]/div/img"}
Command duration or timeout: 5.05 seconds
For documentation on this error, please visit: http://seleniumhq.org/exceptions/no_such_element.html
Build info: version: '2.53.0', revision: '35ae25b1534ae328c771e0856c93e187490ca824', time: '2016-03-15 10:43:46'
System info: host: 'ChubenkoV', ip: '10.101.11.111', os.name: 'Windows 8.1', os.arch: 'x86', os.version: '6.3', java.version: '1.8.0_92'
Driver info: org.openqa.selenium.firefox.FirefoxDriver
Capabilities [{applicationCacheEnabled=true, rotatable=false, handlesAlerts=true, databaseEnabled=true, version=45.2.0, platform=WINDOWS, nativeEvents=false, acceptSslCerts=true, webStorageEnabled=true, locationContextEnabled=true, browserName=firefox, takesScreenshot=true, javascriptEnabled=true, cssSelectorsEnabled=true}]
Session ID: e21efce2-8ea7-471a-88ec-789cfd3b8476
*** Element info: {Using=xpath, value=/html/body/div[2]/div/div/div[1]/div[2]/div/div[3]/div[1]/div[1]/table[1]/tbody/tr/td[13]/div/img}
	at sun.reflect.NativeConstructorAccessorImpl.newInstance0(Native Method)
	at sun.reflect.NativeConstructorAccessorImpl.newInstance(NativeConstructorAccessorImpl.java:62)
	at sun.reflect.DelegatingConstructorAccessorImpl.newInstance(DelegatingConstructorAccessorImpl.java:45)
	at java.lang.reflect.Constructor.newInstance(Constructor.java:423)
	at org.openqa.selenium.remote.ErrorHandler.createThrowable(ErrorHandler.java:206)
	at org.openqa.selenium.remote.ErrorHandler.throwIfResponseFailed(ErrorHandler.java:158)
	at org.openqa.selenium.remote.RemoteWebDriver.execute(RemoteWebDriver.java:678)
	at org.openqa.selenium.remote.RemoteWebDriver.findElement(RemoteWebDriver.java:363)
	at org.openqa.selenium.remote.RemoteWebDriver.findElementByXPath(RemoteWebDriver.java:500)
	at org.openqa.selenium.By$ByXPath.findElement(By.java:361)
	at org.openqa.selenium.remote.RemoteWebDriver.findElement(RemoteWebDriver.java:355)
	at org.openqa.selenium.support.pagefactory.DefaultElementLocator.findElement(DefaultElementLocator.java:69)
	at org.openqa.selenium.support.pagefactory.internal.LocatingElementHandler.invoke(LocatingElementHandler.java:38)
	at com.sun.proxy.$Proxy6.click(Unknown Source)
	at ua.bms.pages.Unit9MilitaryPage.removeCard(Unit9MilitaryPage.java:220)
	at ua.bms.test.Unit9MilitaryTest.testRemoveMilitaryCard(Unit9MilitaryTest.java:78)
	at sun.reflect.NativeMethodAccessorImpl.invoke0(Native Method)
	at sun.reflect.NativeMethodAccessorImpl.invoke(NativeMethodAccessorImpl.java:62)
	at sun.reflect.DelegatingMethodAccessorImpl.invoke(DelegatingMethodAccessorImpl.java:43)
	at java.lang.reflect.Method.invoke(Method.java:498)
	at org.testng.internal.MethodInvocationHelper.invokeMethod(MethodInvocationHelper.java:86)
	at org.testng.internal.Invoker.invokeMethod(Invoker.java:646)
	at org.testng.internal.Invoker.invokeTestMethod(Invoker.java:823)
	at org.testng.internal.Invoker.invokeTestMethods(Invoker.java:1131)
	at org.testng.internal.TestMethodWorker.invokeTestMethods(TestMethodWorker.java:129)
	at org.testng.internal.TestMethodWorker.run(TestMethodWorker.java:112)
	at org.testng.TestRunner.privateRun(TestRunner.java:778)
	at org.testng.TestRunner.run(TestRunner.java:632)
	at org.testng.SuiteRunner.runTest(SuiteRunner.java:366)
	at org.testng.SuiteRunner.runSequentially(SuiteRunner.java:361)
	at org.testng.SuiteRunner.privateRun(SuiteRunner.java:319)
	at org.testng.SuiteRunner.run(SuiteRunner.java:268)
	at org.testng.SuiteRunnerWorker.runSuite(SuiteRunnerWorker.java:52)
	at org.testng.SuiteRunnerWorker.run(SuiteRunnerWorker.java:86)
	at org.testng.TestNG.runSuitesSequentially(TestNG.java:1225)
	at org.testng.TestNG.runSuitesLocally(TestNG.java:1150)
	at org.testng.TestNG.runSuites(TestNG.java:1075)
	at org.testng.TestNG.run(TestNG.java:1047)
	at org.testng.remote.AbstractRemoteTestNG.run(AbstractRemoteTestNG.java:126)
	at org.testng.remote.RemoteTestNG.initAndRun(RemoteTestNG.java:137)
	at org.testng.remote.RemoteTestNG.main(RemoteTestNG.java:58)
Caused by: org.openqa.selenium.NoSuchElementException: Unable to locate element: {"method":"xpath","selector":"/html/body/div[2]/div/div/div[1]/div[2]/div/div[3]/div[1]/div[1]/table[1]/tbody/tr/td[13]/div/img"}
For documentation on this error, please visit: http://seleniumhq.org/exceptions/no_such_element.html
Build info: version: '2.53.0', revision: '35ae25b1534ae328c771e0856c93e187490ca824', time: '2016-03-15 10:43:46'
System info: host: 'ChubenkoV', ip: '10.101.11.111', os.name: 'Windows 8.1', os.arch: 'x86', os.version: '6.3', java.version: '1.8.0_92'
Driver info: driver.version: unknown
	at <anonymous class>.FirefoxDriver.prototype.findElementInternal_(file:///C:/Users/CHUBEN~1/AppData/Local/Temp/anonymous5799191181159668720webdriver-profile/extensions/fxdriver@googlecode.com/components/driver-component.js:10770)
	at <anonymous class>.fxdriver.Timer.prototype.setTimeout/<.notify(file:///C:/Users/CHUBEN~1/AppData/Local/Temp/anonymous5799191181159668720webdriver-profile/extensions/fxdriver@googlecode.com/components/driver-component.js:625)
]]>
            </full-stacktrace>
          </exception> <!-- org.openqa.selenium.NoSuchElementException -->
          <reporter-output>
          </reporter-output>
        </test-method> <!-- testRemoveMilitaryCard -->
        <test-method status="PASS" signature="testCreateMilitaryCard()[pri:0, instance:ua.bms.test.Unit9MilitaryTest@16ddd1d]" name="testCreateMilitaryCard" duration-ms="17149" started-at="2016-07-29T17:53:20Z" depends-on-methods="ua.bms.test.Unit9MilitaryTest.testJumpToUnit9Page" finished-at="2016-07-29T17:53:37Z">
          <reporter-output>
          </reporter-output>
        </test-method> <!-- testCreateMilitaryCard -->
        <test-method status="PASS" signature="testEditMilitaryCard()[pri:0, instance:ua.bms.test.Unit9MilitaryTest@16ddd1d]" name="testEditMilitaryCard" duration-ms="10553" started-at="2016-07-29T17:53:37Z" depends-on-methods="ua.bms.test.Unit9MilitaryTest.testCreateMilitaryCard" finished-at="2016-07-29T17:53:47Z">
          <reporter-output>
          </reporter-output>
        </test-method> <!-- testEditMilitaryCard -->
        <test-method status="PASS" signature="tearDown()[pri:0, instance:ua.bms.test.Unit9MilitaryTest@16ddd1d]" name="tearDown" is-config="true" duration-ms="587" started-at="2016-07-29T17:53:47Z" finished-at="2016-07-29T17:53:48Z">
          <reporter-output>
          </reporter-output>
        </test-method> <!-- tearDown -->
      </class> <!-- ua.bms.test.Unit9MilitaryTest -->
    </test> <!-- Default test -->
  </suite> <!-- Default suite -->
</testng-results>
