<?xml version="1.0" encoding="UTF-8"?>
<testng-results skipped="0" failed="0" total="1" passed="1">
  <reporter-output>
  </reporter-output>
  <suite name="Default suite" duration-ms="10324" started-at="2016-06-29T13:19:58Z" finished-at="2016-06-29T13:20:08Z">
    <groups>
    </groups>
    <test name="Default test" duration-ms="10324" started-at="2016-06-29T13:19:58Z" finished-at="2016-06-29T13:20:08Z">
      <class name="ua.bms.test.LoginTest">
        <test-method status="PASS" signature="setUp()[pri:0, instance:ua.bms.test.LoginTest@c0edeb]" name="setUp" is-config="true" duration-ms="5338" started-at="2016-06-29T16:19:58Z" finished-at="2016-06-29T16:20:03Z">
          <reporter-output>
          </reporter-output>
        </test-method> <!-- setUp -->
        <test-method status="PASS" signature="gotoStartPageOsop()[pri:0, instance:ua.bms.test.LoginTest@c0edeb]" name="gotoStartPageOsop" duration-ms="4445" started-at="2016-06-29T16:20:03Z" finished-at="2016-06-29T16:20:08Z">
          <reporter-output>
          </reporter-output>
        </test-method> <!-- gotoStartPageOsop -->
        <test-method status="PASS" signature="tearDown()[pri:0, instance:ua.bms.test.LoginTest@c0edeb]" name="tearDown" is-config="true" duration-ms="521" started-at="2016-06-29T16:20:08Z" finished-at="2016-06-29T16:20:08Z">
          <reporter-output>
          </reporter-output>
        </test-method> <!-- tearDown -->
      </class> <!-- ua.bms.test.LoginTest -->
    </test> <!-- Default test -->
  </suite> <!-- Default suite -->
</testng-results>
