<?xml version="1.0" encoding="UTF-8"?>
<testng-results skipped="0" failed="0" total="1" passed="1">
  <reporter-output>
  </reporter-output>
  <suite name="Default suite" duration-ms="14127" started-at="2016-06-30T14:25:41Z" finished-at="2016-06-30T14:25:55Z">
    <groups>
    </groups>
    <test name="Default test" duration-ms="14127" started-at="2016-06-30T14:25:41Z" finished-at="2016-06-30T14:25:55Z">
      <class name="ua.bms.test.LoginTest">
        <test-method status="PASS" signature="testLoginForm()[pri:0, instance:ua.bms.test.LoginTest@5fc5a4]" name="testLoginForm" duration-ms="13409" started-at="2016-06-30T17:25:41Z" finished-at="2016-06-30T17:25:54Z">
          <reporter-output>
          </reporter-output>
        </test-method> <!-- testLoginForm -->
        <test-method status="PASS" signature="tearDown()[pri:0, instance:ua.bms.test.LoginTest@5fc5a4]" name="tearDown" is-config="true" duration-ms="689" started-at="2016-06-30T17:25:54Z" finished-at="2016-06-30T17:25:55Z">
          <reporter-output>
          </reporter-output>
        </test-method> <!-- tearDown -->
      </class> <!-- ua.bms.test.LoginTest -->
    </test> <!-- Default test -->
  </suite> <!-- Default suite -->
</testng-results>
